<?xml version="1.0" encoding="UTF-8"?>
<!-- Generated by org.testng.reporters.JUnitXMLReporter -->
<testsuite ignored="0" hostname="IBM-PF35YJF9" failures="2" tests="6" name="Test" time="35.551" errors="0" timestamp="2022-12-07T14:11:07 IST">
  <testcase classname="tests.LoginTest" name="verifyLoginFeature" time="10.121"/>
  <testcase classname="tests.LoginTest" name="verifyLogoutTest" time="0.003">
    <failure type="java.lang.AssertionError" message="expected [true] but found [false]">
      <![CDATA[java.lang.AssertionError: expected [true] but found [false]
at tests.LoginTest.verifyLogoutTest(LoginTest.java:37)
at java.base/java.util.ArrayList.forEach(ArrayList.java:1511)
... Removed 31 stack frames]]>
    </failure>
  </testcase> <!-- verifyLogoutTest -->
  <testcase classname="tests.AddCustomerTest" name="addCustEmail" time="0.001"/>
  <testcase classname="tests.AddCustomerTest" name="addCustFullName" time="0.001"/>
  <testcase classname="tests.AddCustomerTest" name="addCustFullName2" time="0.0">
    <failure type="java.lang.AssertionError" message="expected [true] but found [false]">
      <![CDATA[java.lang.AssertionError: expected [true] but found [false]
at tests.AddCustomerTest.addCustFullName2(AddCustomerTest.java:33)
at java.base/java.util.ArrayList.forEach(ArrayList.java:1511)
... Removed 31 stack frames]]>
    </failure>
  </testcase> <!-- addCustFullName2 -->
  <testcase classname="tests.AddCustomerTest" name="addCustName" time="0.001"/>
</testsuite> <!-- Test -->
